<?xml version="1.0" encoding="UTF-8"?>
<testsuite xmlns:xsi="http://www.w3.org/2001/XMLSchema-instance" xsi:noNamespaceSchemaLocation="https://maven.apache.org/surefire/maven-surefire-plugin/xsd/surefire-test-report-3.0.xsd" version="3.0" name="use_case.signup.SignupInteractorTest" time="0.002" tests="3" errors="0" skipped="0" failures="0">
  <properties>
    <property name="java.specification.version" value="22"/>
    <property name="sun.cpu.isalist" value="amd64"/>
    <property name="sun.jnu.encoding" value="Cp1252"/>
    <property name="java.class.path" value="C:\Users\liuyi\OneDrive - University of Toronto\Documents\GitHub\CAUserLogin\target\test-classes;C:\Users\liuyi\OneDrive - University of Toronto\Documents\GitHub\CAUserLogin\target\classes;C:\Users\liuyi\.m2\repository\org\json\json\20240303\json-20240303.jar;C:\Users\liuyi\.m2\repository\com\squareup\okhttp3\okhttp\4.12.0\okhttp-4.12.0.jar;C:\Users\liuyi\.m2\repository\com\squareup\okio\okio\3.6.0\okio-3.6.0.jar;C:\Users\liuyi\.m2\repository\com\squareup\okio\okio-jvm\3.6.0\okio-jvm-3.6.0.jar;C:\Users\liuyi\.m2\repository\org\jetbrains\kotlin\kotlin-stdlib-common\1.9.10\kotlin-stdlib-common-1.9.10.jar;C:\Users\liuyi\.m2\repository\org\jetbrains\kotlin\kotlin-stdlib-jdk8\1.8.21\kotlin-stdlib-jdk8-1.8.21.jar;C:\Users\liuyi\.m2\repository\org\jetbrains\kotlin\kotlin-stdlib\1.8.21\kotlin-stdlib-1.8.21.jar;C:\Users\liuyi\.m2\repository\org\jetbrains\annotations\13.0\annotations-13.0.jar;C:\Users\liuyi\.m2\repository\org\jetbrains\kotlin\kotlin-stdlib-jdk7\1.8.21\kotlin-stdlib-jdk7-1.8.21.jar;C:\Users\liuyi\.m2\repository\junit\junit\4.13.1\junit-4.13.1.jar;C:\Users\liuyi\.m2\repository\org\hamcrest\hamcrest-core\1.3\hamcrest-core-1.3.jar;"/>
    <property name="java.vm.vendor" value="Oracle Corporation"/>
    <property name="sun.arch.data.model" value="64"/>
    <property name="user.variant" value=""/>
    <property name="java.vendor.url" value="https://java.oracle.com/"/>
    <property name="user.timezone" value="America/Toronto"/>
    <property name="os.name" value="Windows 11"/>
    <property name="java.vm.specification.version" value="22"/>
    <property name="sun.java.launcher" value="SUN_STANDARD"/>
    <property name="user.country" value="US"/>
    <property name="sun.boot.library.path" value="C:\Users\liuyi\.jdks\openjdk-22.0.2\bin"/>
    <property name="sun.java.command" value="C:\Users\liuyi\AppData\Local\Temp\surefire7805224960632265925\surefirebooter-20241027194559366_3.jar C:\Users\liuyi\AppData\Local\Temp\surefire7805224960632265925 2024-10-27T19-45-59_106-jvmRun1 surefire-20241027194559366_1tmp surefire_0-20241027194559366_2tmp"/>
    <property name="jdk.debug" value="release"/>
    <property name="surefire.test.class.path" value="C:\Users\liuyi\OneDrive - University of Toronto\Documents\GitHub\CAUserLogin\target\test-classes;C:\Users\liuyi\OneDrive - University of Toronto\Documents\GitHub\CAUserLogin\target\classes;C:\Users\liuyi\.m2\repository\org\json\json\20240303\json-20240303.jar;C:\Users\liuyi\.m2\repository\com\squareup\okhttp3\okhttp\4.12.0\okhttp-4.12.0.jar;C:\Users\liuyi\.m2\repository\com\squareup\okio\okio\3.6.0\okio-3.6.0.jar;C:\Users\liuyi\.m2\repository\com\squareup\okio\okio-jvm\3.6.0\okio-jvm-3.6.0.jar;C:\Users\liuyi\.m2\repository\org\jetbrains\kotlin\kotlin-stdlib-common\1.9.10\kotlin-stdlib-common-1.9.10.jar;C:\Users\liuyi\.m2\repository\org\jetbrains\kotlin\kotlin-stdlib-jdk8\1.8.21\kotlin-stdlib-jdk8-1.8.21.jar;C:\Users\liuyi\.m2\repository\org\jetbrains\kotlin\kotlin-stdlib\1.8.21\kotlin-stdlib-1.8.21.jar;C:\Users\liuyi\.m2\repository\org\jetbrains\annotations\13.0\annotations-13.0.jar;C:\Users\liuyi\.m2\repository\org\jetbrains\kotlin\kotlin-stdlib-jdk7\1.8.21\kotlin-stdlib-jdk7-1.8.21.jar;C:\Users\liuyi\.m2\repository\junit\junit\4.13.1\junit-4.13.1.jar;C:\Users\liuyi\.m2\repository\org\hamcrest\hamcrest-core\1.3\hamcrest-core-1.3.jar;"/>
    <property name="sun.cpu.endian" value="little"/>
    <property name="user.home" value="C:\Users\liuyi"/>
    <property name="user.language" value="en"/>
    <property name="java.specification.vendor" value="Oracle Corporation"/>
    <property name="java.version.date" value="2024-07-16"/>
    <property name="java.home" value="C:\Users\liuyi\.jdks\openjdk-22.0.2"/>
    <property name="file.separator" value="\"/>
    <property name="basedir" value="C:\Users\liuyi\OneDrive - University of Toronto\Documents\GitHub\CAUserLogin"/>
    <property name="java.vm.compressedOopsMode" value="Zero based"/>
    <property name="line.separator" value="&#10;"/>
    <property name="java.vm.specification.vendor" value="Oracle Corporation"/>
    <property name="java.specification.name" value="Java Platform API Specification"/>
    <property name="surefire.real.class.path" value="C:\Users\liuyi\AppData\Local\Temp\surefire7805224960632265925\surefirebooter-20241027194559366_3.jar"/>
    <property name="user.script" value=""/>
    <property name="sun.management.compiler" value="HotSpot 64-Bit Tiered Compilers"/>
    <property name="java.runtime.version" value="22.0.2+9-70"/>
    <property name="user.name" value="liuyi"/>
    <property name="stdout.encoding" value="Cp1252"/>
    <property name="path.separator" value=";"/>
    <property name="os.version" value="10.0"/>
    <property name="java.runtime.name" value="OpenJDK Runtime Environment"/>
    <property name="file.encoding" value="UTF-8"/>
    <property name="java.vm.name" value="OpenJDK 64-Bit Server VM"/>
    <property name="localRepository" value="C:\Users\liuyi\.m2\repository"/>
    <property name="java.vendor.url.bug" value="https://bugreport.java.com/bugreport/"/>
    <property name="java.io.tmpdir" value="C:\Users\liuyi\AppData\Local\Temp\"/>
    <property name="idea.version" value="2024.2.1"/>
    <property name="java.version" value="22.0.2"/>
    <property name="user.dir" value="C:\Users\liuyi\OneDrive - University of Toronto\Documents\GitHub\CAUserLogin"/>
    <property name="os.arch" value="amd64"/>
    <property name="java.vm.specification.name" value="Java Virtual Machine Specification"/>
    <property name="sun.os.patch.level" value=""/>
    <property name="native.encoding" value="Cp1252"/>
    <property name="java.library.path" value="C:\Users\liuyi\.jdks\openjdk-22.0.2\bin;C:\WINDOWS\Sun\Java\bin;C:\WINDOWS\system32;C:\WINDOWS;C:\Program Files\PerkinElmerInformatics\ChemOffice\ChemScript\Lib;C:\WINDOWS\system32;C:\WINDOWS;C:\WINDOWS\System32\Wbem;C:\WINDOWS\System32\WindowsPowerShell\v1.0\;C:\WINDOWS\System32\OpenSSH\;C:\Program Files\Git\cmd;C:\Users\liuyi\AppData\Local\Programs\Python\Python312\Scripts\;C:\Users\liuyi\AppData\Local\Programs\Python\Python312\;C:\Users\liuyi\AppData\Local\Microsoft\WindowsApps;C:\Users\liuyi\AppData\Local\GitHubDesktop\bin;C:\Users\liuyi\AppData\Local\Programs\Microsoft VS Code\bin;C:\Program Files (x86)\Avogadro\bin;C:\Program Files\Avogadro2\bin;C:\Program Files\JetBrains\IntelliJ IDEA 2024.2.1\bin;;."/>
    <property name="java.vm.info" value="mixed mode, sharing"/>
    <property name="stderr.encoding" value="Cp1252"/>
    <property name="java.vendor" value="Oracle Corporation"/>
    <property name="java.vm.version" value="22.0.2+9-70"/>
    <property name="sun.io.unicode.encoding" value="UnicodeLittle"/>
    <property name="java.class.version" value="66.0"/>
  </properties>
  <testcase name="failurePasswordMismatchTest" classname="use_case.signup.SignupInteractorTest" time="0.0"/>
  <testcase name="successTest" classname="use_case.signup.SignupInteractorTest" time="0.0"/>
  <testcase name="failureUserExistsTest" classname="use_case.signup.SignupInteractorTest" time="0.0"/>
</testsuite>